[debug] [2025-10-21T11:25:40.792Z] ----------------------------------------------------------------------
[debug] [2025-10-21T11:25:40.794Z] Command:       C:\nvm4w\nodejs\node.exe C:\s\gauntlet\message-ai\Conch\node_modules\firebase-tools\lib\bin\firebase.js emulators:start --debug
[debug] [2025-10-21T11:25:40.794Z] CLI Version:   14.20.0
[debug] [2025-10-21T11:25:40.794Z] Platform:      win32
[debug] [2025-10-21T11:25:40.795Z] Node Version:  v22.14.0
[debug] [2025-10-21T11:25:40.795Z] Time:          Tue Oct 21 2025 05:25:40 GMT-0600 (Mountain Daylight Time)
[debug] [2025-10-21T11:25:40.795Z] ----------------------------------------------------------------------
[debug] 
[debug] [2025-10-21T11:25:40.978Z] > command requires scopes: ["email","openid","https://www.googleapis.com/auth/cloudplatformprojects.readonly","https://www.googleapis.com/auth/firebase","https://www.googleapis.com/auth/cloud-platform"]
[debug] Failed to authenticate, have you run firebase login?
[warn] !  emulators: You are not currently authenticated so some features may not work correctly. Please run firebase login to authenticate the CLI. 
[debug] [2025-10-21T11:25:41.090Z] java version "1.8.0_331"
Java(TM) SE Runtime Environment (build 1.8.0_331-b09)

[debug] [2025-10-21T11:25:41.091Z] Java HotSpot(TM) Client VM (build 25.331-b09, mixed mode, sharing)

[debug] [2025-10-21T11:25:41.095Z] Parsed Java major version: 1
[warn] !!  emulators: firebase-tools will drop support for Java version < 21 soon in firebase-tools@15. Please install a JDK at version 21 or above to get a compatible runtime. 
[info] i  emulators: Starting emulators: auth, firestore, storage {"metadata":{"emulator":{"name":"hub"},"message":"Starting emulators: auth, firestore, storage"}}
[info] i  emulators: Detected demo project ID "demo-no-project", emulated services will use a demo configuration and attempts to access non-emulated services for this project will fail. {"metadata":{"emulator":{"name":"hub"},"message":"Detected demo project ID \"demo-no-project\", emulated services will use a demo configuration and attempts to access non-emulated services for this project will fail."}}
[debug] [2025-10-21T11:25:41.108Z] [logging] Logging Emulator only supports listening on one address (127.0.0.1). Not listening on ::1
[debug] [2025-10-21T11:25:41.109Z] [auth] Authentication Emulator only supports listening on one address (127.0.0.1). Not listening on ::1
[debug] [2025-10-21T11:25:41.109Z] [firestore] Firestore Emulator only supports listening on one address (127.0.0.1). Not listening on ::1
[debug] [2025-10-21T11:25:41.109Z] [firestore.websocket] websocket server for firestore only supports listening on one address (127.0.0.1). Not listening on ::1
[debug] [2025-10-21T11:25:41.109Z] [storage] Storage Emulator only supports listening on one address (127.0.0.1). Not listening on ::1
[debug] [2025-10-21T11:25:41.110Z] assigned listening specs for emulators {"user":{"hub":[{"address":"127.0.0.1","family":"IPv4","port":4400},{"address":"::1","family":"IPv6","port":4400}],"ui":[{"address":"127.0.0.1","family":"IPv4","port":4000},{"address":"::1","family":"IPv6","port":4000}],"logging":[{"address":"127.0.0.1","family":"IPv4","port":4500}],"auth":[{"address":"127.0.0.1","family":"IPv4","port":9099}],"firestore":[{"address":"127.0.0.1","family":"IPv4","port":8080}],"firestore.websocket":[{"address":"127.0.0.1","family":"IPv4","port":9150}],"storage":[{"address":"127.0.0.1","family":"IPv4","port":9199}]},"metadata":{"message":"assigned listening specs for emulators"}}
[debug] [2025-10-21T11:25:41.113Z] Emulator locator file path: C:\Users\bab\AppData\Local\Temp\hub-demo-no-project.json
[debug] [2025-10-21T11:25:41.113Z] [hub] writing locator at C:\Users\bab\AppData\Local\Temp\hub-demo-no-project.json
[warn] !  firestore: Cloud Firestore Emulator does not support multiple databases yet. {"metadata":{"emulator":{"name":"firestore"},"message":"Cloud Firestore Emulator does not support multiple databases yet."}}
[warn] !  firestore: Did not find a Cloud Firestore rules file specified in a firebase.json config file. {"metadata":{"emulator":{"name":"firestore"},"message":"Did not find a Cloud Firestore rules file specified in a firebase.json config file."}}
[warn] !  firestore: The emulator will default to allowing all reads and writes. Learn more about this option: https://firebase.google.com/docs/emulator-suite/install_and_configure#security_rules_configuration. {"metadata":{"emulator":{"name":"firestore"},"message":"The emulator will default to allowing all reads and writes. Learn more about this option: https://firebase.google.com/docs/emulator-suite/install_and_configure#security_rules_configuration."}}
[debug] [2025-10-21T11:25:41.121Z] Ignoring unsupported arg: auto_download {"metadata":{"emulator":{"name":"firestore"},"message":"Ignoring unsupported arg: auto_download"}}
[debug] [2025-10-21T11:25:41.121Z] Ignoring unsupported arg: single_project_mode_error {"metadata":{"emulator":{"name":"firestore"},"message":"Ignoring unsupported arg: single_project_mode_error"}}
[debug] [2025-10-21T11:25:41.121Z] Starting Firestore Emulator with command {"binary":"java","args":["-Dgoogle.cloud_firestore.debug_log_level=FINE","-Duser.language=en","-jar","C:\\Users\\bab\\.cache\\firebase\\emulators\\cloud-firestore-emulator-v1.19.8.jar","--host","127.0.0.1","--port",8080,"--websocket_port",9150,"--project_id","demo-no-project","--single_project_mode",true],"optionalArgs":["port","webchannel_port","host","rules","websocket_port","functions_emulator","seed_from_export","project_id","single_project_mode"],"joinArgs":false,"shell":false,"port":8080} {"metadata":{"emulator":{"name":"firestore"},"message":"Starting Firestore Emulator with command {\"binary\":\"java\",\"args\":[\"-Dgoogle.cloud_firestore.debug_log_level=FINE\",\"-Duser.language=en\",\"-jar\",\"C:\\\\Users\\\\bab\\\\.cache\\\\firebase\\\\emulators\\\\cloud-firestore-emulator-v1.19.8.jar\",\"--host\",\"127.0.0.1\",\"--port\",8080,\"--websocket_port\",9150,\"--project_id\",\"demo-no-project\",\"--single_project_mode\",true],\"optionalArgs\":[\"port\",\"webchannel_port\",\"host\",\"rules\",\"websocket_port\",\"functions_emulator\",\"seed_from_export\",\"project_id\",\"single_project_mode\"],\"joinArgs\":false,\"shell\":false,\"port\":8080}"}}
[info] i  firestore: Firestore Emulator logging to firestore-debug.log {"metadata":{"emulator":{"name":"firestore"},"message":"Firestore Emulator logging to \u001b[1mfirestore-debug.log\u001b[22m"}}
[debug] [2025-10-21T11:25:41.215Z] Error: A JNI error has occurred, please check your i {"metadata":{"emulator":{"name":"firestore"},"message":"Error: A JNI error has occurred, please check your i"}}
[debug] [2025-10-21T11:25:41.215Z] nstallation and try again
Exception in thread "main"  {"metadata":{"emulator":{"name":"firestore"},"message":"nstallation and try again\r\nException in thread \"main\" "}}
[debug] [2025-10-21T11:25:41.216Z] java.lang.UnsupportedClassVersionError: com/google/cloud/datastore/emulator/firestore/CloudFirestore has been compiled by a more recent version of the Java Runtime (class file version 55.0), this version of the Java Runtime only recognizes class file versions up to 52.0 {"metadata":{"emulator":{"name":"firestore"},"message":"java.lang.UnsupportedClassVersionError: com/google/cloud/datastore/emulator/firestore/CloudFirestore has been compiled by a more recent version of the Java Runtime (class file version 55.0), this version of the Java Runtime only recognizes class file versions up to 52.0"}}
[warn] !  firestore: Unsupported java version, make sure java --version reports 1.8 or higher. {"metadata":{"emulator":{"name":"firestore"},"message":"Unsupported java version, make sure java --version reports 1.8 or higher."}}
[debug] [2025-10-21T11:25:41.217Z] 
	at java.lang.ClassLoader.defineClass1(Native Method)
	at java.lang.ClassLoader.defineClass(Unknown Source)
	at java.security.SecureClassLoader.defineClass(Unknown Source)
	at java.net.URLClassLoader.defineClass(Unknown Source)
	at java.net.URLClassLoader.access$100(Unknown Source)
	at java.net.URLClassLoader$1.run(Unknown Source)
	at java.net.URLClassLoader$1.run(Unknown Source)
	at java.security.AccessController.doPrivileged(Native Method)
	at java.net.URLClassLoader.findClass(Unknown Source)
	at java.lang.ClassLoader.loadClass(Unknown Source)
	at sun.misc.Launcher$AppClassLoader.loadClass(Unknown Source)
	at java.lang.ClassLoader.loadClass(Unknown Source)
	at sun.launcher.LauncherHelper.checkAndLoadMain(Unknown Source)
 {"metadata":{"emulator":{"name":"firestore"},"message":"\r\n\tat java.lang.ClassLoader.defineClass1(Native Method)\r\n\tat java.lang.ClassLoader.defineClass(Unknown Source)\r\n\tat java.security.SecureClassLoader.defineClass(Unknown Source)\r\n\tat java.net.URLClassLoader.defineClass(Unknown Source)\r\n\tat java.net.URLClassLoader.access$100(Unknown Source)\r\n\tat java.net.URLClassLoader$1.run(Unknown Source)\r\n\tat java.net.URLClassLoader$1.run(Unknown Source)\r\n\tat java.security.AccessController.doPrivileged(Native Method)\r\n\tat java.net.URLClassLoader.findClass(Unknown Source)\r\n\tat java.lang.ClassLoader.loadClass(Unknown Source)\r\n\tat sun.misc.Launcher$AppClassLoader.loadClass(Unknown Source)\r\n\tat java.lang.ClassLoader.loadClass(Unknown Source)\r\n\tat sun.launcher.LauncherHelper.checkAndLoadMain(Unknown Source)\r\n"}}
[warn] !  firestore: Fatal error occurred: 
   Firestore Emulator has exited with code: 1, 
   stopping all running emulators {"metadata":{"emulator":{"name":"firestore"},"message":"Fatal error occurred: \n   Firestore Emulator has exited with code: 1, \n   stopping all running emulators"}}
[info] i  firestore: Stopping Firestore Emulator {"metadata":{"emulator":{"name":"firestore"},"message":"Stopping Firestore Emulator"}}
[info] i  hub: Stopping emulator hub {"metadata":{"emulator":{"name":"hub"},"message":"Stopping emulator hub"}}
[debug] [2025-10-21T11:25:41.223Z] Emulator locator file path: C:\Users\bab\AppData\Local\Temp\hub-demo-no-project.json
[debug] [2025-10-21T11:30:11.836Z] ----------------------------------------------------------------------
[debug] [2025-10-21T11:30:11.838Z] Command:       C:\nvm4w\nodejs\node.exe C:\s\gauntlet\message-ai\Conch\node_modules\firebase-tools\lib\bin\firebase.js emulators:start --debug
[debug] [2025-10-21T11:30:11.839Z] CLI Version:   14.20.0
[debug] [2025-10-21T11:30:11.839Z] Platform:      win32
[debug] [2025-10-21T11:30:11.839Z] Node Version:  v22.14.0
[debug] [2025-10-21T11:30:11.839Z] Time:          Tue Oct 21 2025 05:30:11 GMT-0600 (Mountain Daylight Time)
[debug] [2025-10-21T11:30:11.839Z] ----------------------------------------------------------------------
[debug] 
[debug] [2025-10-21T11:30:12.018Z] > command requires scopes: ["email","openid","https://www.googleapis.com/auth/cloudplatformprojects.readonly","https://www.googleapis.com/auth/firebase","https://www.googleapis.com/auth/cloud-platform"]
[debug] Failed to authenticate, have you run firebase login?
[warn] !  emulators: You are not currently authenticated so some features may not work correctly. Please run firebase login to authenticate the CLI. 
[debug] [2025-10-21T11:30:12.132Z] java version "1.8.0_331"
Java(TM) SE Runtime Environment (build 1.8.0_331-b09)
[debug] [2025-10-21T11:30:12.133Z] 
Java HotSpot(TM) Client VM (build 25.331-b09, mixed mode)

[debug] [2025-10-21T11:30:12.136Z] Parsed Java major version: 1
[warn] !!  emulators: firebase-tools will drop support for Java version < 21 soon in firebase-tools@15. Please install a JDK at version 21 or above to get a compatible runtime. 
[info] i  emulators: Starting emulators: auth, firestore, storage {"metadata":{"emulator":{"name":"hub"},"message":"Starting emulators: auth, firestore, storage"}}
[info] i  emulators: Detected demo project ID "demo-no-project", emulated services will use a demo configuration and attempts to access non-emulated services for this project will fail. {"metadata":{"emulator":{"name":"hub"},"message":"Detected demo project ID \"demo-no-project\", emulated services will use a demo configuration and attempts to access non-emulated services for this project will fail."}}
[debug] [2025-10-21T11:30:12.149Z] [logging] Logging Emulator only supports listening on one address (127.0.0.1). Not listening on ::1
[debug] [2025-10-21T11:30:12.149Z] [auth] Authentication Emulator only supports listening on one address (127.0.0.1). Not listening on ::1
[debug] [2025-10-21T11:30:12.149Z] [firestore] Firestore Emulator only supports listening on one address (127.0.0.1). Not listening on ::1
[debug] [2025-10-21T11:30:12.149Z] [firestore.websocket] websocket server for firestore only supports listening on one address (127.0.0.1). Not listening on ::1
[debug] [2025-10-21T11:30:12.150Z] [storage] Storage Emulator only supports listening on one address (127.0.0.1). Not listening on ::1
[debug] [2025-10-21T11:30:12.150Z] assigned listening specs for emulators {"user":{"hub":[{"address":"127.0.0.1","family":"IPv4","port":4400},{"address":"::1","family":"IPv6","port":4400}],"ui":[{"address":"127.0.0.1","family":"IPv4","port":4000},{"address":"::1","family":"IPv6","port":4000}],"logging":[{"address":"127.0.0.1","family":"IPv4","port":4500}],"auth":[{"address":"127.0.0.1","family":"IPv4","port":9099}],"firestore":[{"address":"127.0.0.1","family":"IPv4","port":8080}],"firestore.websocket":[{"address":"127.0.0.1","family":"IPv4","port":9150}],"storage":[{"address":"127.0.0.1","family":"IPv4","port":9199}]},"metadata":{"message":"assigned listening specs for emulators"}}
[debug] [2025-10-21T11:30:12.154Z] Emulator locator file path: C:\Users\bab\AppData\Local\Temp\hub-demo-no-project.json
[debug] [2025-10-21T11:30:12.154Z] [hub] writing locator at C:\Users\bab\AppData\Local\Temp\hub-demo-no-project.json
[warn] !  firestore: Cloud Firestore Emulator does not support multiple databases yet. {"metadata":{"emulator":{"name":"firestore"},"message":"Cloud Firestore Emulator does not support multiple databases yet."}}
[warn] !  firestore: Did not find a Cloud Firestore rules file specified in a firebase.json config file. {"metadata":{"emulator":{"name":"firestore"},"message":"Did not find a Cloud Firestore rules file specified in a firebase.json config file."}}
[warn] !  firestore: The emulator will default to allowing all reads and writes. Learn more about this option: https://firebase.google.com/docs/emulator-suite/install_and_configure#security_rules_configuration. {"metadata":{"emulator":{"name":"firestore"},"message":"The emulator will default to allowing all reads and writes. Learn more about this option: https://firebase.google.com/docs/emulator-suite/install_and_configure#security_rules_configuration."}}
[debug] [2025-10-21T11:30:12.161Z] Ignoring unsupported arg: auto_download {"metadata":{"emulator":{"name":"firestore"},"message":"Ignoring unsupported arg: auto_download"}}
[debug] [2025-10-21T11:30:12.161Z] Ignoring unsupported arg: single_project_mode_error {"metadata":{"emulator":{"name":"firestore"},"message":"Ignoring unsupported arg: single_project_mode_error"}}
[debug] [2025-10-21T11:30:12.161Z] Starting Firestore Emulator with command {"binary":"java","args":["-Dgoogle.cloud_firestore.debug_log_level=FINE","-Duser.language=en","-jar","C:\\Users\\bab\\.cache\\firebase\\emulators\\cloud-firestore-emulator-v1.19.8.jar","--host","127.0.0.1","--port",8080,"--websocket_port",9150,"--project_id","demo-no-project","--single_project_mode",true],"optionalArgs":["port","webchannel_port","host","rules","websocket_port","functions_emulator","seed_from_export","project_id","single_project_mode"],"joinArgs":false,"shell":false,"port":8080} {"metadata":{"emulator":{"name":"firestore"},"message":"Starting Firestore Emulator with command {\"binary\":\"java\",\"args\":[\"-Dgoogle.cloud_firestore.debug_log_level=FINE\",\"-Duser.language=en\",\"-jar\",\"C:\\\\Users\\\\bab\\\\.cache\\\\firebase\\\\emulators\\\\cloud-firestore-emulator-v1.19.8.jar\",\"--host\",\"127.0.0.1\",\"--port\",8080,\"--websocket_port\",9150,\"--project_id\",\"demo-no-project\",\"--single_project_mode\",true],\"optionalArgs\":[\"port\",\"webchannel_port\",\"host\",\"rules\",\"websocket_port\",\"functions_emulator\",\"seed_from_export\",\"project_id\",\"single_project_mode\"],\"joinArgs\":false,\"shell\":false,\"port\":8080}"}}
[info] i  firestore: Firestore Emulator logging to firestore-debug.log {"metadata":{"emulator":{"name":"firestore"},"message":"Firestore Emulator logging to \u001b[1mfirestore-debug.log\u001b[22m"}}
[debug] [2025-10-21T11:30:12.223Z] Error: A JNI error has occurred, please check yo {"metadata":{"emulator":{"name":"firestore"},"message":"Error: A JNI error has occurred, please check yo"}}
[debug] [2025-10-21T11:30:12.224Z] ur installation and try again
Exception in thread "main" java.lang.UnsupportedClassVersionError: com/google/cloud/datastore/emulator/firestore/CloudFirestore has been compiled by a more recent version of the Java Runtime (class file version 55.0), this version of the Java Runtime only recognizes class file versions up to 52.0
	at java.lang.ClassLoader.defineClass1(Native Method)
	at java.lang.ClassLoader.defineClass(Unknown Source)
	at java.security.SecureClassLoader.defineClass(Unknown Source)
	at java.net.URLClassLoader.defineClass(Unknown Source)
	at java.net.URLClassLoader.access$100(Unknown Source)
	at java.net.URLClassLoader$1.run(Unknown Source)
	at java.net.URLClassLoader$1.run(Unknown Source)
	at java.security.AccessController.doPrivileged(Native Method)
	at java.net.URLClassLoader.findClass(Unknown Source)
	at java.lang.ClassLoader.loadClass(Unknown Source)
	at sun.misc.Launcher$AppClassLoader.loadClass(Unknown Source)
	at java.lang.ClassLoader.loadClass(Unknown Source)
	at sun.launcher.LauncherHelper.checkAndLoadMain(Unknown Source)
 {"metadata":{"emulator":{"name":"firestore"},"message":"ur installation and try again\r\nException in thread \"main\" java.lang.UnsupportedClassVersionError: com/google/cloud/datastore/emulator/firestore/CloudFirestore has been compiled by a more recent version of the Java Runtime (class file version 55.0), this version of the Java Runtime only recognizes class file versions up to 52.0\r\n\tat java.lang.ClassLoader.defineClass1(Native Method)\r\n\tat java.lang.ClassLoader.defineClass(Unknown Source)\r\n\tat java.security.SecureClassLoader.defineClass(Unknown Source)\r\n\tat java.net.URLClassLoader.defineClass(Unknown Source)\r\n\tat java.net.URLClassLoader.access$100(Unknown Source)\r\n\tat java.net.URLClassLoader$1.run(Unknown Source)\r\n\tat java.net.URLClassLoader$1.run(Unknown Source)\r\n\tat java.security.AccessController.doPrivileged(Native Method)\r\n\tat java.net.URLClassLoader.findClass(Unknown Source)\r\n\tat java.lang.ClassLoader.loadClass(Unknown Source)\r\n\tat sun.misc.Launcher$AppClassLoader.loadClass(Unknown Source)\r\n\tat java.lang.ClassLoader.loadClass(Unknown Source)\r\n\tat sun.launcher.LauncherHelper.checkAndLoadMain(Unknown Source)\r\n"}}
[warn] !  firestore: Unsupported java version, make sure java --version reports 1.8 or higher. {"metadata":{"emulator":{"name":"firestore"},"message":"Unsupported java version, make sure java --version reports 1.8 or higher."}}
[warn] !  firestore: Fatal error occurred: 
   Firestore Emulator has exited with code: 1, 
   stopping all running emulators {"metadata":{"emulator":{"name":"firestore"},"message":"Fatal error occurred: \n   Firestore Emulator has exited with code: 1, \n   stopping all running emulators"}}
[info] i  firestore: Stopping Firestore Emulator {"metadata":{"emulator":{"name":"firestore"},"message":"Stopping Firestore Emulator"}}
[info] i  hub: Stopping emulator hub {"metadata":{"emulator":{"name":"hub"},"message":"Stopping emulator hub"}}
[debug] [2025-10-21T11:30:12.231Z] Emulator locator file path: C:\Users\bab\AppData\Local\Temp\hub-demo-no-project.json
[debug] [2025-10-21T11:31:42.432Z] ----------------------------------------------------------------------
[debug] [2025-10-21T11:31:42.435Z] Command:       C:\nvm4w\nodejs\node.exe C:\s\gauntlet\message-ai\Conch\node_modules\firebase-tools\lib\bin\firebase.js emulators:start --debug
[debug] [2025-10-21T11:31:42.435Z] CLI Version:   14.20.0
[debug] [2025-10-21T11:31:42.435Z] Platform:      win32
[debug] [2025-10-21T11:31:42.435Z] Node Version:  v22.14.0
[debug] [2025-10-21T11:31:42.436Z] Time:          Tue Oct 21 2025 05:31:42 GMT-0600 (Mountain Daylight Time)
[debug] [2025-10-21T11:31:42.436Z] ----------------------------------------------------------------------
[debug] 
[debug] [2025-10-21T11:31:42.613Z] > command requires scopes: ["email","openid","https://www.googleapis.com/auth/cloudplatformprojects.readonly","https://www.googleapis.com/auth/firebase","https://www.googleapis.com/auth/cloud-platform"]
[debug] Failed to authenticate, have you run firebase login?
[warn] !  emulators: You are not currently authenticated so some features may not work correctly. Please run firebase login to authenticate the CLI. 
[debug] [2025-10-21T11:31:42.744Z] java version "25" 2025-09-16 LTS
Java(TM) SE Runtime Environment (build 25+37-LTS-3491)

[debug] [2025-10-21T11:31:42.745Z] Java HotSpot(TM) 64-Bit Server VM (build 25+37-LTS-3491, mixed mode, sharing)

[debug] [2025-10-21T11:31:42.757Z] Parsed Java major version: 25
[info] i  emulators: Starting emulators: auth, firestore, storage {"metadata":{"emulator":{"name":"hub"},"message":"Starting emulators: auth, firestore, storage"}}
[info] i  emulators: Detected demo project ID "demo-no-project", emulated services will use a demo configuration and attempts to access non-emulated services for this project will fail. {"metadata":{"emulator":{"name":"hub"},"message":"Detected demo project ID \"demo-no-project\", emulated services will use a demo configuration and attempts to access non-emulated services for this project will fail."}}
[debug] [2025-10-21T11:31:42.769Z] [logging] Logging Emulator only supports listening on one address (127.0.0.1). Not listening on ::1
[debug] [2025-10-21T11:31:42.770Z] [auth] Authentication Emulator only supports listening on one address (127.0.0.1). Not listening on ::1
[debug] [2025-10-21T11:31:42.770Z] [firestore] Firestore Emulator only supports listening on one address (127.0.0.1). Not listening on ::1
[debug] [2025-10-21T11:31:42.770Z] [firestore.websocket] websocket server for firestore only supports listening on one address (127.0.0.1). Not listening on ::1
[debug] [2025-10-21T11:31:42.771Z] [storage] Storage Emulator only supports listening on one address (127.0.0.1). Not listening on ::1
[debug] [2025-10-21T11:31:42.771Z] assigned listening specs for emulators {"user":{"hub":[{"address":"127.0.0.1","family":"IPv4","port":4400},{"address":"::1","family":"IPv6","port":4400}],"ui":[{"address":"127.0.0.1","family":"IPv4","port":4000},{"address":"::1","family":"IPv6","port":4000}],"logging":[{"address":"127.0.0.1","family":"IPv4","port":4500}],"auth":[{"address":"127.0.0.1","family":"IPv4","port":9099}],"firestore":[{"address":"127.0.0.1","family":"IPv4","port":8080}],"firestore.websocket":[{"address":"127.0.0.1","family":"IPv4","port":9150}],"storage":[{"address":"127.0.0.1","family":"IPv4","port":9199}]},"metadata":{"message":"assigned listening specs for emulators"}}
[debug] [2025-10-21T11:31:42.774Z] Emulator locator file path: C:\Users\bab\AppData\Local\Temp\hub-demo-no-project.json
[debug] [2025-10-21T11:31:42.774Z] [hub] writing locator at C:\Users\bab\AppData\Local\Temp\hub-demo-no-project.json
[warn] !  firestore: Cloud Firestore Emulator does not support multiple databases yet. {"metadata":{"emulator":{"name":"firestore"},"message":"Cloud Firestore Emulator does not support multiple databases yet."}}
[warn] !  firestore: Did not find a Cloud Firestore rules file specified in a firebase.json config file. {"metadata":{"emulator":{"name":"firestore"},"message":"Did not find a Cloud Firestore rules file specified in a firebase.json config file."}}
[warn] !  firestore: The emulator will default to allowing all reads and writes. Learn more about this option: https://firebase.google.com/docs/emulator-suite/install_and_configure#security_rules_configuration. {"metadata":{"emulator":{"name":"firestore"},"message":"The emulator will default to allowing all reads and writes. Learn more about this option: https://firebase.google.com/docs/emulator-suite/install_and_configure#security_rules_configuration."}}
[debug] [2025-10-21T11:31:42.781Z] Ignoring unsupported arg: auto_download {"metadata":{"emulator":{"name":"firestore"},"message":"Ignoring unsupported arg: auto_download"}}
[debug] [2025-10-21T11:31:42.782Z] Ignoring unsupported arg: single_project_mode_error {"metadata":{"emulator":{"name":"firestore"},"message":"Ignoring unsupported arg: single_project_mode_error"}}
[debug] [2025-10-21T11:31:42.782Z] Starting Firestore Emulator with command {"binary":"java","args":["-Dgoogle.cloud_firestore.debug_log_level=FINE","-Duser.language=en","-jar","C:\\Users\\bab\\.cache\\firebase\\emulators\\cloud-firestore-emulator-v1.19.8.jar","--host","127.0.0.1","--port",8080,"--websocket_port",9150,"--project_id","demo-no-project","--single_project_mode",true],"optionalArgs":["port","webchannel_port","host","rules","websocket_port","functions_emulator","seed_from_export","project_id","single_project_mode"],"joinArgs":false,"shell":false,"port":8080} {"metadata":{"emulator":{"name":"firestore"},"message":"Starting Firestore Emulator with command {\"binary\":\"java\",\"args\":[\"-Dgoogle.cloud_firestore.debug_log_level=FINE\",\"-Duser.language=en\",\"-jar\",\"C:\\\\Users\\\\bab\\\\.cache\\\\firebase\\\\emulators\\\\cloud-firestore-emulator-v1.19.8.jar\",\"--host\",\"127.0.0.1\",\"--port\",8080,\"--websocket_port\",9150,\"--project_id\",\"demo-no-project\",\"--single_project_mode\",true],\"optionalArgs\":[\"port\",\"webchannel_port\",\"host\",\"rules\",\"websocket_port\",\"functions_emulator\",\"seed_from_export\",\"project_id\",\"single_project_mode\"],\"joinArgs\":false,\"shell\":false,\"port\":8080}"}}
[info] i  firestore: Firestore Emulator logging to firestore-debug.log {"metadata":{"emulator":{"name":"firestore"},"message":"Firestore Emulator logging to \u001b[1mfirestore-debug.log\u001b[22m"}}
[info] +  firestore: Firestore Emulator UI websocket is running on 9150. {"metadata":{"emulator":{"name":"firestore"},"message":"Firestore Emulator UI websocket is running on 9150."}}
[info] i  storage: Detected demo project ID "demo-no-project", using a default (open) rules configuration. {"metadata":{"emulator":{"name":"storage"},"message":"Detected demo project ID \"demo-no-project\", using a default (open) rules configuration."}}
[info] i  storage: downloading cloud-storage-rules-runtime-v1.1.3.jar... {"metadata":{"emulator":{"name":"storage"},"message":"downloading cloud-storage-rules-runtime-v1.1.3.jar..."}}
[debug] [2025-10-21T11:31:50.744Z] >>> [apiv2][query] GET https://storage.googleapis.com/firebase-preview-drop/emulator/cloud-storage-rules-runtime-v1.1.3.jar 
[debug] [2025-10-21T11:31:50.934Z] <<< [apiv2][status] GET https://storage.googleapis.com/firebase-preview-drop/emulator/cloud-storage-rules-runtime-v1.1.3.jar 200
[debug] [2025-10-21T11:31:50.934Z] <<< [apiv2][body] GET https://storage.googleapis.com/firebase-preview-drop/emulator/cloud-storage-rules-runtime-v1.1.3.jar [stream]
[debug] [2025-10-21T11:31:52.206Z] Ignoring unsupported arg: port {"metadata":{"emulator":{"name":"storage"},"message":"Ignoring unsupported arg: port"}}
[warn] !  Unexpected rules runtime error: WARNING: A terminally deprecated method in sun.misc.Unsafe has been called
WARNING: sun.misc.Unsafe::arrayBaseOffset has been called by com.google.protobuf.UnsafeUtil$MemoryAccessor (file:/C:/Users/bab/.cache/firebase/emulators/cloud-storage-rules-runtime-v1.1.3.jar)
WARNING: Please consider reporting this to the maintainers of class com.google.protobuf.UnsafeUtil$MemoryAccessor
WARNING: sun.misc.Unsafe::arrayBaseOffset will be removed in a future release
 {"metadata":{"emulator":{"name":"storage"},"message":"Unexpected rules runtime error: WARNING: A terminally deprecated method in sun.misc.Unsafe has been called\nWARNING: sun.misc.Unsafe::arrayBaseOffset has been called by com.google.protobuf.UnsafeUtil$MemoryAccessor (file:/C:/Users/bab/.cache/firebase/emulators/cloud-storage-rules-runtime-v1.1.3.jar)\nWARNING: Please consider reporting this to the maintainers of class com.google.protobuf.UnsafeUtil$MemoryAccessor\nWARNING: sun.misc.Unsafe::arrayBaseOffset will be removed in a future release\r\n"}}
[debug] [2025-10-21T11:31:53.017Z] Temp file directory for storage emulator: C:\Users\bab\AppData\Local\Temp/firebase/storage/blobs {"metadata":{"emulator":{"name":"storage"},"message":"Temp file directory for storage emulator: C:\\Users\\bab\\AppData\\Local\\Temp/firebase/storage/blobs"}}
[info] i  ui: downloading ui-v1.15.0.zip... {"metadata":{"emulator":{"name":"ui"},"message":"downloading ui-v1.15.0.zip..."}}
[debug] [2025-10-21T11:31:53.030Z] >>> [apiv2][query] GET https://storage.googleapis.com/firebase-preview-drop/emulator/ui-v1.15.0.zip 
[debug] [2025-10-21T11:31:53.046Z] <<< [apiv2][status] GET https://storage.googleapis.com/firebase-preview-drop/emulator/ui-v1.15.0.zip 200
[debug] [2025-10-21T11:31:53.046Z] <<< [apiv2][body] GET https://storage.googleapis.com/firebase-preview-drop/emulator/ui-v1.15.0.zip [stream]
[debug] [2025-10-21T11:31:53.147Z] Data is 3538469
[debug] [2025-10-21T11:31:53.147Z] [unzip] Entry: client/ (compressed_size=0 bytes, uncompressed_size=0 bytes)
[debug] [2025-10-21T11:31:53.148Z] [unzip] Processing entry: client\
[debug] [2025-10-21T11:31:53.148Z] [unzip] mkdir: C:\Users\bab\.cache\firebase\emulators\ui-v1.15.0\client\
[debug] [2025-10-21T11:31:53.148Z] [unzip] Entry: client/favicon-16x16.png (compressed_size=293 bytes, uncompressed_size=293 bytes)
[debug] [2025-10-21T11:31:53.149Z] [unzip] Processing entry: client\favicon-16x16.png
[debug] [2025-10-21T11:31:53.149Z] [unzip] else mkdir: C:\Users\bab\.cache\firebase\emulators\ui-v1.15.0\client
[debug] [2025-10-21T11:31:53.149Z] [unzip] Writing file: C:\Users\bab\.cache\firebase\emulators\ui-v1.15.0\client\favicon-16x16.png
[debug] [2025-10-21T11:31:53.150Z] [unzip] Entry: client/safari-pinned-tab.svg (compressed_size=1433 bytes, uncompressed_size=2611 bytes)
[debug] [2025-10-21T11:31:53.150Z] [unzip] Processing entry: client\safari-pinned-tab.svg
[debug] [2025-10-21T11:31:53.151Z] [unzip] else mkdir: C:\Users\bab\.cache\firebase\emulators\ui-v1.15.0\client
[debug] [2025-10-21T11:31:53.151Z] [unzip] deflating: C:\Users\bab\.cache\firebase\emulators\ui-v1.15.0\client\safari-pinned-tab.svg
[debug] [2025-10-21T11:31:53.155Z] [unzip] Entry: client/favicon.ico (compressed_size=2933 bytes, uncompressed_size=13294 bytes)
[debug] [2025-10-21T11:31:53.156Z] [unzip] Processing entry: client\favicon.ico
[debug] [2025-10-21T11:31:53.156Z] [unzip] else mkdir: C:\Users\bab\.cache\firebase\emulators\ui-v1.15.0\client
[debug] [2025-10-21T11:31:53.156Z] [unzip] deflating: C:\Users\bab\.cache\firebase\emulators\ui-v1.15.0\client\favicon.ico
[debug] [2025-10-21T11:31:53.158Z] [unzip] Entry: client/index.html (compressed_size=1364 bytes, uncompressed_size=3071 bytes)
[debug] [2025-10-21T11:31:53.158Z] [unzip] Processing entry: client\index.html
[debug] [2025-10-21T11:31:53.158Z] [unzip] else mkdir: C:\Users\bab\.cache\firebase\emulators\ui-v1.15.0\client
[debug] [2025-10-21T11:31:53.159Z] [unzip] deflating: C:\Users\bab\.cache\firebase\emulators\ui-v1.15.0\client\index.html
[debug] [2025-10-21T11:31:53.161Z] [unzip] Entry: client/android-chrome-192x192.png (compressed_size=2684 bytes, uncompressed_size=2684 bytes)
[debug] [2025-10-21T11:31:53.161Z] [unzip] Processing entry: client\android-chrome-192x192.png
[debug] [2025-10-21T11:31:53.161Z] [unzip] else mkdir: C:\Users\bab\.cache\firebase\emulators\ui-v1.15.0\client
[debug] [2025-10-21T11:31:53.162Z] [unzip] Writing file: C:\Users\bab\.cache\firebase\emulators\ui-v1.15.0\client\android-chrome-192x192.png
[debug] [2025-10-21T11:31:53.162Z] [unzip] Entry: client/apple-touch-icon.png (compressed_size=2123 bytes, uncompressed_size=2152 bytes)
[debug] [2025-10-21T11:31:53.162Z] [unzip] Processing entry: client\apple-touch-icon.png
[debug] [2025-10-21T11:31:53.163Z] [unzip] else mkdir: C:\Users\bab\.cache\firebase\emulators\ui-v1.15.0\client
[debug] [2025-10-21T11:31:53.163Z] [unzip] deflating: C:\Users\bab\.cache\firebase\emulators\ui-v1.15.0\client\apple-touch-icon.png
[debug] [2025-10-21T11:31:53.164Z] [unzip] Entry: client/android-chrome-512x512.png (compressed_size=5369 bytes, uncompressed_size=5411 bytes)
[debug] [2025-10-21T11:31:53.164Z] [unzip] Processing entry: client\android-chrome-512x512.png
[debug] [2025-10-21T11:31:53.164Z] [unzip] else mkdir: C:\Users\bab\.cache\firebase\emulators\ui-v1.15.0\client
[debug] [2025-10-21T11:31:53.165Z] [unzip] deflating: C:\Users\bab\.cache\firebase\emulators\ui-v1.15.0\client\android-chrome-512x512.png
[debug] [2025-10-21T11:31:53.166Z] [unzip] Entry: client/manifest.json (compressed_size=245 bytes, uncompressed_size=551 bytes)
[debug] [2025-10-21T11:31:53.167Z] [unzip] Processing entry: client\manifest.json
[debug] [2025-10-21T11:31:53.167Z] [unzip] else mkdir: C:\Users\bab\.cache\firebase\emulators\ui-v1.15.0\client
[debug] [2025-10-21T11:31:53.167Z] [unzip] deflating: C:\Users\bab\.cache\firebase\emulators\ui-v1.15.0\client\manifest.json
[debug] [2025-10-21T11:31:53.169Z] [unzip] Entry: client/robots.txt (compressed_size=26 bytes, uncompressed_size=26 bytes)
[debug] [2025-10-21T11:31:53.169Z] [unzip] Processing entry: client\robots.txt
[debug] [2025-10-21T11:31:53.169Z] [unzip] else mkdir: C:\Users\bab\.cache\firebase\emulators\ui-v1.15.0\client
[debug] [2025-10-21T11:31:53.169Z] [unzip] Writing file: C:\Users\bab\.cache\firebase\emulators\ui-v1.15.0\client\robots.txt
[debug] [2025-10-21T11:31:53.170Z] [unzip] Entry: client/mstile-150x150.png (compressed_size=2034 bytes, uncompressed_size=2034 bytes)
[debug] [2025-10-21T11:31:53.170Z] [unzip] Processing entry: client\mstile-150x150.png
[debug] [2025-10-21T11:31:53.171Z] [unzip] else mkdir: C:\Users\bab\.cache\firebase\emulators\ui-v1.15.0\client
[debug] [2025-10-21T11:31:53.171Z] [unzip] Writing file: C:\Users\bab\.cache\firebase\emulators\ui-v1.15.0\client\mstile-150x150.png
[debug] [2025-10-21T11:31:53.172Z] [unzip] Entry: client/assets/ (compressed_size=0 bytes, uncompressed_size=0 bytes)
[debug] [2025-10-21T11:31:53.172Z] [unzip] Processing entry: client\assets\
[debug] [2025-10-21T11:31:53.172Z] [unzip] mkdir: C:\Users\bab\.cache\firebase\emulators\ui-v1.15.0\client\assets\
[debug] [2025-10-21T11:31:53.173Z] [unzip] Entry: client/assets/index-BX-A56oj.js (compressed_size=582089 bytes, uncompressed_size=2092775 bytes)
[debug] [2025-10-21T11:31:53.173Z] [unzip] Processing entry: client\assets\index-BX-A56oj.js
[debug] [2025-10-21T11:31:53.173Z] [unzip] else mkdir: C:\Users\bab\.cache\firebase\emulators\ui-v1.15.0\client\assets
[debug] [2025-10-21T11:31:53.173Z] [unzip] deflating: C:\Users\bab\.cache\firebase\emulators\ui-v1.15.0\client\assets\index-BX-A56oj.js
[debug] [2025-10-21T11:31:53.186Z] [unzip] Entry: client/assets/index-CjB9C900.css (compressed_size=35979 bytes, uncompressed_size=298654 bytes)
[debug] [2025-10-21T11:31:53.186Z] [unzip] Processing entry: client\assets\index-CjB9C900.css
[debug] [2025-10-21T11:31:53.186Z] [unzip] else mkdir: C:\Users\bab\.cache\firebase\emulators\ui-v1.15.0\client\assets
[debug] [2025-10-21T11:31:53.187Z] [unzip] deflating: C:\Users\bab\.cache\firebase\emulators\ui-v1.15.0\client\assets\index-CjB9C900.css
[debug] [2025-10-21T11:31:53.189Z] [unzip] Entry: client/assets/index-BX-A56oj.js.map (compressed_size=2362482 bytes, uncompressed_size=10036679 bytes)
[debug] [2025-10-21T11:31:53.190Z] [unzip] Processing entry: client\assets\index-BX-A56oj.js.map
[debug] [2025-10-21T11:31:53.190Z] [unzip] else mkdir: C:\Users\bab\.cache\firebase\emulators\ui-v1.15.0\client\assets
[debug] [2025-10-21T11:31:53.190Z] [unzip] deflating: C:\Users\bab\.cache\firebase\emulators\ui-v1.15.0\client\assets\index-BX-A56oj.js.map
[debug] [2025-10-21T11:31:53.247Z] [unzip] Entry: client/assets/extensions/ (compressed_size=0 bytes, uncompressed_size=0 bytes)
[debug] [2025-10-21T11:31:53.248Z] [unzip] Processing entry: client\assets\extensions\
[debug] [2025-10-21T11:31:53.248Z] [unzip] mkdir: C:\Users\bab\.cache\firebase\emulators\ui-v1.15.0\client\assets\extensions\
[debug] [2025-10-21T11:31:53.248Z] [unzip] Entry: client/assets/extensions/default-extension.png (compressed_size=1646 bytes, uncompressed_size=1657 bytes)
[debug] [2025-10-21T11:31:53.248Z] [unzip] Processing entry: client\assets\extensions\default-extension.png
[debug] [2025-10-21T11:31:53.249Z] [unzip] else mkdir: C:\Users\bab\.cache\firebase\emulators\ui-v1.15.0\client\assets\extensions
[debug] [2025-10-21T11:31:53.249Z] [unzip] deflating: C:\Users\bab\.cache\firebase\emulators\ui-v1.15.0\client\assets\extensions\default-extension.png
[debug] [2025-10-21T11:31:53.250Z] [unzip] Entry: client/assets/img/ (compressed_size=0 bytes, uncompressed_size=0 bytes)
[debug] [2025-10-21T11:31:53.250Z] [unzip] Processing entry: client\assets\img\
[debug] [2025-10-21T11:31:53.250Z] [unzip] mkdir: C:\Users\bab\.cache\firebase\emulators\ui-v1.15.0\client\assets\img\
[debug] [2025-10-21T11:31:53.251Z] [unzip] Entry: client/assets/img/database.png (compressed_size=29449 bytes, uncompressed_size=29988 bytes)
[debug] [2025-10-21T11:31:53.251Z] [unzip] Processing entry: client\assets\img\database.png
[debug] [2025-10-21T11:31:53.251Z] [unzip] else mkdir: C:\Users\bab\.cache\firebase\emulators\ui-v1.15.0\client\assets\img
[debug] [2025-10-21T11:31:53.252Z] [unzip] deflating: C:\Users\bab\.cache\firebase\emulators\ui-v1.15.0\client\assets\img\database.png
[debug] [2025-10-21T11:31:53.253Z] [unzip] Entry: client/assets/provider-icons/ (compressed_size=0 bytes, uncompressed_size=0 bytes)
[debug] [2025-10-21T11:31:53.253Z] [unzip] Processing entry: client\assets\provider-icons\
[debug] [2025-10-21T11:31:53.253Z] [unzip] mkdir: C:\Users\bab\.cache\firebase\emulators\ui-v1.15.0\client\assets\provider-icons\
[debug] [2025-10-21T11:31:53.254Z] [unzip] Entry: client/assets/provider-icons/auth_service_saml.svg (compressed_size=575 bytes, uncompressed_size=1226 bytes)
[debug] [2025-10-21T11:31:53.254Z] [unzip] Processing entry: client\assets\provider-icons\auth_service_saml.svg
[debug] [2025-10-21T11:31:53.254Z] [unzip] else mkdir: C:\Users\bab\.cache\firebase\emulators\ui-v1.15.0\client\assets\provider-icons
[debug] [2025-10-21T11:31:53.254Z] [unzip] deflating: C:\Users\bab\.cache\firebase\emulators\ui-v1.15.0\client\assets\provider-icons\auth_service_saml.svg
[debug] [2025-10-21T11:31:53.256Z] [unzip] Entry: client/assets/provider-icons/auth_service_phone.svg (compressed_size=261 bytes, uncompressed_size=414 bytes)
[debug] [2025-10-21T11:31:53.256Z] [unzip] Processing entry: client\assets\provider-icons\auth_service_phone.svg
[debug] [2025-10-21T11:31:53.256Z] [unzip] else mkdir: C:\Users\bab\.cache\firebase\emulators\ui-v1.15.0\client\assets\provider-icons
[debug] [2025-10-21T11:31:53.257Z] [unzip] deflating: C:\Users\bab\.cache\firebase\emulators\ui-v1.15.0\client\assets\provider-icons\auth_service_phone.svg
[debug] [2025-10-21T11:31:53.258Z] [unzip] Entry: client/assets/provider-icons/auth_service_facebook.svg (compressed_size=289 bytes, uncompressed_size=457 bytes)
[debug] [2025-10-21T11:31:53.258Z] [unzip] Processing entry: client\assets\provider-icons\auth_service_facebook.svg
[debug] [2025-10-21T11:31:53.258Z] [unzip] else mkdir: C:\Users\bab\.cache\firebase\emulators\ui-v1.15.0\client\assets\provider-icons
[debug] [2025-10-21T11:31:53.259Z] [unzip] deflating: C:\Users\bab\.cache\firebase\emulators\ui-v1.15.0\client\assets\provider-icons\auth_service_facebook.svg
[debug] [2025-10-21T11:31:53.261Z] [unzip] Entry: client/assets/provider-icons/auth_service_game_center.svg (compressed_size=991 bytes, uncompressed_size=3921 bytes)
[debug] [2025-10-21T11:31:53.261Z] [unzip] Processing entry: client\assets\provider-icons\auth_service_game_center.svg
[debug] [2025-10-21T11:31:53.262Z] [unzip] else mkdir: C:\Users\bab\.cache\firebase\emulators\ui-v1.15.0\client\assets\provider-icons
[debug] [2025-10-21T11:31:53.262Z] [unzip] deflating: C:\Users\bab\.cache\firebase\emulators\ui-v1.15.0\client\assets\provider-icons\auth_service_game_center.svg
[debug] [2025-10-21T11:31:53.263Z] [unzip] Entry: client/assets/provider-icons/auth_service_apple.svg (compressed_size=230 bytes, uncompressed_size=334 bytes)
[debug] [2025-10-21T11:31:53.264Z] [unzip] Processing entry: client\assets\provider-icons\auth_service_apple.svg
[debug] [2025-10-21T11:31:53.264Z] [unzip] else mkdir: C:\Users\bab\.cache\firebase\emulators\ui-v1.15.0\client\assets\provider-icons
[debug] [2025-10-21T11:31:53.264Z] [unzip] deflating: C:\Users\bab\.cache\firebase\emulators\ui-v1.15.0\client\assets\provider-icons\auth_service_apple.svg
[debug] [2025-10-21T11:31:53.265Z] [unzip] Entry: client/assets/provider-icons/auth_service_github.svg (compressed_size=466 bytes, uncompressed_size=838 bytes)
[debug] [2025-10-21T11:31:53.266Z] [unzip] Processing entry: client\assets\provider-icons\auth_service_github.svg
[debug] [2025-10-21T11:31:53.266Z] [unzip] else mkdir: C:\Users\bab\.cache\firebase\emulators\ui-v1.15.0\client\assets\provider-icons
[debug] [2025-10-21T11:31:53.266Z] [unzip] deflating: C:\Users\bab\.cache\firebase\emulators\ui-v1.15.0\client\assets\provider-icons\auth_service_github.svg
[debug] [2025-10-21T11:31:53.267Z] [unzip] Entry: client/assets/provider-icons/auth_service_mslive.svg (compressed_size=203 bytes, uncompressed_size=378 bytes)
[debug] [2025-10-21T11:31:53.268Z] [unzip] Processing entry: client\assets\provider-icons\auth_service_mslive.svg
[debug] [2025-10-21T11:31:53.268Z] [unzip] else mkdir: C:\Users\bab\.cache\firebase\emulators\ui-v1.15.0\client\assets\provider-icons
[debug] [2025-10-21T11:31:53.268Z] [unzip] deflating: C:\Users\bab\.cache\firebase\emulators\ui-v1.15.0\client\assets\provider-icons\auth_service_mslive.svg
[debug] [2025-10-21T11:31:53.269Z] [unzip] Entry: client/assets/provider-icons/auth_service_yahoo.svg (compressed_size=577 bytes, uncompressed_size=1182 bytes)
[debug] [2025-10-21T11:31:53.270Z] [unzip] Processing entry: client\assets\provider-icons\auth_service_yahoo.svg
[debug] [2025-10-21T11:31:53.270Z] [unzip] else mkdir: C:\Users\bab\.cache\firebase\emulators\ui-v1.15.0\client\assets\provider-icons
[debug] [2025-10-21T11:31:53.270Z] [unzip] deflating: C:\Users\bab\.cache\firebase\emulators\ui-v1.15.0\client\assets\provider-icons\auth_service_yahoo.svg
[debug] [2025-10-21T11:31:53.272Z] [unzip] Entry: client/assets/provider-icons/auth_service_twitter.svg (compressed_size=444 bytes, uncompressed_size=751 bytes)
[debug] [2025-10-21T11:31:53.272Z] [unzip] Processing entry: client\assets\provider-icons\auth_service_twitter.svg
[debug] [2025-10-21T11:31:53.272Z] [unzip] else mkdir: C:\Users\bab\.cache\firebase\emulators\ui-v1.15.0\client\assets\provider-icons
[debug] [2025-10-21T11:31:53.272Z] [unzip] deflating: C:\Users\bab\.cache\firebase\emulators\ui-v1.15.0\client\assets\provider-icons\auth_service_twitter.svg
[debug] [2025-10-21T11:31:53.274Z] [unzip] Entry: client/assets/provider-icons/auth_service_play_games.svg (compressed_size=565 bytes, uncompressed_size=1173 bytes)
[debug] [2025-10-21T11:31:53.274Z] [unzip] Processing entry: client\assets\provider-icons\auth_service_play_games.svg
[debug] [2025-10-21T11:31:53.274Z] [unzip] else mkdir: C:\Users\bab\.cache\firebase\emulators\ui-v1.15.0\client\assets\provider-icons
[debug] [2025-10-21T11:31:53.275Z] [unzip] deflating: C:\Users\bab\.cache\firebase\emulators\ui-v1.15.0\client\assets\provider-icons\auth_service_play_games.svg
[debug] [2025-10-21T11:31:53.276Z] [unzip] Entry: client/assets/provider-icons/auth_service_email.svg (compressed_size=228 bytes, uncompressed_size=326 bytes)
[debug] [2025-10-21T11:31:53.276Z] [unzip] Processing entry: client\assets\provider-icons\auth_service_email.svg
[debug] [2025-10-21T11:31:53.276Z] [unzip] else mkdir: C:\Users\bab\.cache\firebase\emulators\ui-v1.15.0\client\assets\provider-icons
[debug] [2025-10-21T11:31:53.277Z] [unzip] deflating: C:\Users\bab\.cache\firebase\emulators\ui-v1.15.0\client\assets\provider-icons\auth_service_email.svg
[debug] [2025-10-21T11:31:53.278Z] [unzip] Entry: client/assets/provider-icons/auth_service_google.svg (compressed_size=409 bytes, uncompressed_size=720 bytes)
[debug] [2025-10-21T11:31:53.279Z] [unzip] Processing entry: client\assets\provider-icons\auth_service_google.svg
[debug] [2025-10-21T11:31:53.279Z] [unzip] else mkdir: C:\Users\bab\.cache\firebase\emulators\ui-v1.15.0\client\assets\provider-icons
[debug] [2025-10-21T11:31:53.279Z] [unzip] deflating: C:\Users\bab\.cache\firebase\emulators\ui-v1.15.0\client\assets\provider-icons\auth_service_google.svg
[debug] [2025-10-21T11:31:53.280Z] [unzip] Entry: client/assets/provider-icons/auth_service_oidc.svg (compressed_size=414 bytes, uncompressed_size=858 bytes)
[debug] [2025-10-21T11:31:53.281Z] [unzip] Processing entry: client\assets\provider-icons\auth_service_oidc.svg
[debug] [2025-10-21T11:31:53.281Z] [unzip] else mkdir: C:\Users\bab\.cache\firebase\emulators\ui-v1.15.0\client\assets\provider-icons
[debug] [2025-10-21T11:31:53.281Z] [unzip] deflating: C:\Users\bab\.cache\firebase\emulators\ui-v1.15.0\client\assets\provider-icons\auth_service_oidc.svg
[debug] [2025-10-21T11:31:53.283Z] [unzip] Entry: client/browserconfig.xml (compressed_size=491 bytes, uncompressed_size=822 bytes)
[debug] [2025-10-21T11:31:53.283Z] [unzip] Processing entry: client\browserconfig.xml
[debug] [2025-10-21T11:31:53.283Z] [unzip] else mkdir: C:\Users\bab\.cache\firebase\emulators\ui-v1.15.0\client
[debug] [2025-10-21T11:31:53.284Z] [unzip] deflating: C:\Users\bab\.cache\firebase\emulators\ui-v1.15.0\client\browserconfig.xml
[debug] [2025-10-21T11:31:53.285Z] [unzip] Entry: client/favicon-32x32.png (compressed_size=475 bytes, uncompressed_size=475 bytes)
[debug] [2025-10-21T11:31:53.285Z] [unzip] Processing entry: client\favicon-32x32.png
[debug] [2025-10-21T11:31:53.285Z] [unzip] else mkdir: C:\Users\bab\.cache\firebase\emulators\ui-v1.15.0\client
[debug] [2025-10-21T11:31:53.286Z] [unzip] Writing file: C:\Users\bab\.cache\firebase\emulators\ui-v1.15.0\client\favicon-32x32.png
[debug] [2025-10-21T11:31:53.287Z] [unzip] Entry: server/ (compressed_size=0 bytes, uncompressed_size=0 bytes)
[debug] [2025-10-21T11:31:53.287Z] [unzip] Processing entry: server\
[debug] [2025-10-21T11:31:53.287Z] [unzip] mkdir: C:\Users\bab\.cache\firebase\emulators\ui-v1.15.0\server\
[debug] [2025-10-21T11:31:53.288Z] [unzip] Entry: server/server.mjs.map (compressed_size=217845 bytes, uncompressed_size=944978 bytes)
[debug] [2025-10-21T11:31:53.288Z] [unzip] Processing entry: server\server.mjs.map
[debug] [2025-10-21T11:31:53.288Z] [unzip] else mkdir: C:\Users\bab\.cache\firebase\emulators\ui-v1.15.0\server
[debug] [2025-10-21T11:31:53.289Z] [unzip] deflating: C:\Users\bab\.cache\firebase\emulators\ui-v1.15.0\server\server.mjs.map
[debug] [2025-10-21T11:31:53.296Z] [unzip] Entry: server/server.mjs (compressed_size=276407 bytes, uncompressed_size=933701 bytes)
[debug] [2025-10-21T11:31:53.296Z] [unzip] Processing entry: server\server.mjs
[debug] [2025-10-21T11:31:53.296Z] [unzip] else mkdir: C:\Users\bab\.cache\firebase\emulators\ui-v1.15.0\server
[debug] [2025-10-21T11:31:53.296Z] [unzip] deflating: C:\Users\bab\.cache\firebase\emulators\ui-v1.15.0\server\server.mjs
[debug] [2025-10-21T11:31:53.309Z] Could not find VSCode notification endpoint: FetchError: request to http://localhost:40001/vscode/notify failed, reason: . If you are not running the Firebase Data Connect VSCode extension, this is expected and not an issue.
[info] 
┌─────────────────────────────────────────────────────────────┐
│ ✔  All emulators ready! It is now safe to connect your app. │
│ i  View Emulator UI at http://127.0.0.1:4000/               │
└─────────────────────────────────────────────────────────────┘

┌────────────────┬────────────────┬─────────────────────────────────┐
│ Emulator       │ Host:Port      │ View in Emulator UI             │
├────────────────┼────────────────┼─────────────────────────────────┤
│ Authentication │ 127.0.0.1:9099 │ http://127.0.0.1:4000/auth      │
├────────────────┼────────────────┼─────────────────────────────────┤
│ Firestore      │ 127.0.0.1:8080 │ http://127.0.0.1:4000/firestore │
├────────────────┼────────────────┼─────────────────────────────────┤
│ Storage        │ 127.0.0.1:9199 │ http://127.0.0.1:4000/storage   │
└────────────────┴────────────────┴─────────────────────────────────┘
  Emulator Hub host: 127.0.0.1 port: 4400
  Other reserved ports: 4500, 9150

Issues? Report them at https://github.com/firebase/firebase-tools/issues and attach the *-debug.log files.
 
[debug] [2025-10-21T12:57:35.360Z] Received signal SIGINT (Ctrl-C) 1
[info]  
[info] i  emulators: Received SIGINT (Ctrl-C) for the first time. Starting a clean shutdown. 
[info] i  emulators: Please wait for a clean shutdown or send the SIGINT (Ctrl-C) signal again to stop right now. 
[info] i  emulators: Shutting down emulators. {"metadata":{"emulator":{"name":"hub"},"message":"Shutting down emulators."}}
[info] i  ui: Stopping Emulator UI {"metadata":{"emulator":{"name":"ui"},"message":"Stopping Emulator UI"}}
[info] i  firestore: Stopping Firestore Emulator {"metadata":{"emulator":{"name":"firestore"},"message":"Stopping Firestore Emulator"}}
[warn] !  Firestore Emulator has exited upon receiving signal: SIGKILL 
[info] i  auth: Stopping Authentication Emulator {"metadata":{"emulator":{"name":"auth"},"message":"Stopping Authentication Emulator"}}
[info] i  storage: Stopping Storage Emulator {"metadata":{"emulator":{"name":"storage"},"message":"Stopping Storage Emulator"}}
[debug] [2025-10-21T12:57:35.384Z] Stopping rules runtime. {"metadata":{"emulator":{"name":"storage"},"message":"Stopping rules runtime."}}
[info] i  hub: Stopping emulator hub {"metadata":{"emulator":{"name":"hub"},"message":"Stopping emulator hub"}}
[debug] [2025-10-21T12:57:35.390Z] Emulator locator file path: C:\Users\bab\AppData\Local\Temp\hub-demo-no-project.json
[info] i  logging: Stopping Logging Emulator {"metadata":{"emulator":{"name":"logging"},"message":"Stopping Logging Emulator"}}
[debug] [2025-10-21T12:57:35.400Z] Could not find VSCode notification endpoint: FetchError: request to http://localhost:40001/vscode/notify failed, reason: . If you are not running the Firebase Data Connect VSCode extension, this is expected and not an issue.
